<?xml version="1.0" encoding="UTF-8"?>
<!-- Generated by org.testng.reporters.JUnitReportReporter -->
<testsuite hostname="DESKTOP-FFT4RSH" failures="0" tests="1" name="com.runner.Runner" time="12.686" errors="0" timestamp="2021-08-05T16:06:45 EDT" skipped="0">
  <testcase classname="com.runner.Runner" name="runScenario" time="12.686"/>
  <system-out/>
</testsuite> <!-- com.runner.Runner -->
