<?xml version="1.0" encoding="UTF-8"?>
<!-- Generated by org.testng.reporters.JUnitReportReporter -->
<testsuite hostname="DESKTOP-FFT4RSH" failures="0" tests="1" name="com.testexecute.TestngSmokeReport" time="6.899" errors="0" timestamp="2021-07-29T15:20:02 EDT" skipped="0">
  <testcase classname="com.testexecute.TestngSmokeReport" name="smoke" time="6.899"/>
  <system-out/>
</testsuite> <!-- com.testexecute.TestngSmokeReport -->
