<?xml version="1.0" encoding="UTF-8"?>
<!-- Generated by org.testng.reporters.JUnitReportReporter -->
<testsuite skipped="0" hostname="DESKTOP-FFT4RSH" name="com.runner.Runner" tests="1" failures="0" timestamp="2021-08-07T11:40:04 EDT" time="21.358" errors="0">
  <testcase name="runScenario" time="21.358" classname="com.runner.Runner"/>
  <system-out/>
</testsuite> <!-- com.runner.Runner -->
